[debug] [2018-10-21T07:06:02.871Z] ----------------------------------------------------------------------
[debug] [2018-10-21T07:06:02.875Z] Command:       C:\Program Files\nodejs\node.exe C:\Users\sagar gurao\AppData\Roaming\npm\node_modules\firebase-tools\bin\firebase init
[debug] [2018-10-21T07:06:02.875Z] CLI Version:   5.1.1
[debug] [2018-10-21T07:06:02.875Z] Platform:      win32
[debug] [2018-10-21T07:06:02.875Z] Node Version:  v10.11.0
[debug] [2018-10-21T07:06:02.879Z] Time:          Sun Oct 21 2018 12:36:02 GMT+0530 (India Standard Time)
[debug] [2018-10-21T07:06:02.879Z] ----------------------------------------------------------------------
[debug] 
[debug] [2018-10-21T07:06:02.911Z] > command requires scopes: ["email","openid","https://www.googleapis.com/auth/cloudplatformprojects.readonly","https://www.googleapis.com/auth/firebase","https://www.googleapis.com/auth/cloud-platform"]
[debug] [2018-10-21T07:06:02.915Z] > authorizing via signed-in user
[info] 
     ######## #### ########  ######## ########     ###     ######  ########
     ##        ##  ##     ## ##       ##     ##  ##   ##  ##       ##
     ######    ##  ########  ######   ########  #########  ######  ######
     ##        ##  ##    ##  ##       ##     ## ##     ##       ## ##
     ##       #### ##     ## ######## ########  ##     ##  ######  ########

You're about to initialize a Firebase project in this directory:

  S:\MyWebSites\TechcareFinal\Techcare

Before we get started, keep in mind:

  * You are initializing in an existing Firebase project directory

